<?xml version="1.0" encoding="UTF-8"?>
<!-- Generated by org.testng.reporters.JUnitReportReporter -->
<testsuite skipped="0" hostname="DESKTOP-73G0TGN" name="TestN.TwoBrowser" tests="1" failures="0" timestamp="2022-11-09T10:36:40 IST" time="6.314" errors="0">
  <testcase name="f" time="6.314" classname="TestN.TwoBrowser"/>
  <system-out/>
</testsuite> <!-- TestN.TwoBrowser -->
