<?xml version="1.0" encoding="UTF-8"?>
<!-- Generated by org.testng.reporters.JUnitReportReporter -->
<testsuite skipped="0" hostname="DESKTOP-73G0TGN" name="TestN.BrowserOpen" tests="2" failures="0" timestamp="2022-11-09T10:27:24 IST" time="25.698" errors="0">
  <testcase name="MailingInformation" time="17.265" classname="TestN.BrowserOpen"/>
  <system-out/>
  <testcase name="login" time="8.433" classname="TestN.BrowserOpen"/>
  <system-out/>
</testsuite> <!-- TestN.BrowserOpen -->
