<?xml version="1.0" encoding="UTF-8"?>
<!-- Generated by org.testng.reporters.JUnitReportReporter -->
<testsuite skipped="0" hostname="DESKTOP-73G0TGN" name="Window.windowHandle" tests="1" failures="0" timestamp="2022-11-13T12:48:09 IST" time="24.240" errors="0">
  <testcase name="windowhand" time="24.240" classname="Window.windowHandle"/>
  <system-out/>
</testsuite> <!-- Window.windowHandle -->
