<?xml version="1.0" encoding="UTF-8"?>
<!-- Generated by org.testng.reporters.JUnitReportReporter -->
<testsuite skipped="0" hostname="DESKTOP-73G0TGN" name="Assert.AssertClass" tests="1" failures="0" timestamp="2022-11-13T13:48:43 IST" time="22.038" errors="0">
  <testcase name="verify" time="22.038" classname="Assert.AssertClass"/>
  <system-out/>
</testsuite> <!-- Assert.AssertClass -->
