<?xml version="1.0" encoding="UTF-8"?>
<!-- Generated by org.testng.reporters.JUnitReportReporter -->
<testsuite skipped="0" hostname="DESKTOP-73G0TGN" name="TestN.NewBrowser" tests="4" failures="0" timestamp="2022-11-12T22:20:24 IST" time="0.009" errors="0">
  <testcase name="login" time="0.005" classname="TestN.NewBrowser"/>
  <system-out/>
  <testcase name="w" time="0.002" classname="TestN.NewBrowser"/>
  <system-out/>
  <testcase name="s" time="0.001" classname="TestN.NewBrowser"/>
  <system-out/>
  <testcase name="Z" time="0.001" classname="TestN.NewBrowser"/>
  <system-out/>
</testsuite> <!-- TestN.NewBrowser -->
