<?xml version="1.0" encoding="UTF-8"?>
<!-- Generated by org.testng.reporters.JUnitReportReporter -->
<testsuite skipped="0" hostname="DESKTOP-73G0TGN" name="TestN.NewTe" tests="1" failures="0" timestamp="2022-11-15T17:20:18 IST" time="1.035" errors="0">
  <testcase name="login" time="1.035" classname="TestN.NewTe"/>
  <system-out/>
</testsuite> <!-- TestN.NewTe -->
