<?xml version="1.0" encoding="UTF-8"?>
<!-- Generated by org.testng.reporters.JUnitReportReporter -->
<testsuite skipped="0" hostname="DESKTOP-73G0TGN" name="Window.NewTest" tests="1" failures="0" timestamp="2022-11-13T22:27:22 IST" time="15.635" errors="0">
  <testcase name="f" time="15.635" classname="Window.NewTest"/>
  <system-out/>
</testsuite> <!-- Window.NewTest -->
