<?xml version="1.0" encoding="UTF-8"?>
<!-- Generated by org.testng.reporters.JUnitReportReporter -->
<testsuite skipped="0" hostname="DESKTOP-73G0TGN" name="ParameterTestNG.NewTest" tests="5" failures="0" timestamp="2022-11-14T22:40:13 IST" time="68.093" errors="0">
  <testcase name="login" time="12.114" classname="ParameterTestNG.NewTest"/>
  <system-out/>
  <testcase name="login" time="18.518" classname="ParameterTestNG.NewTest"/>
  <system-out/>
  <testcase name="login" time="17.151" classname="ParameterTestNG.NewTest"/>
  <system-out/>
  <testcase name="login" time="7.887" classname="ParameterTestNG.NewTest"/>
  <system-out/>
  <testcase name="login" time="12.423" classname="ParameterTestNG.NewTest"/>
  <system-out/>
</testsuite> <!-- ParameterTestNG.NewTest -->
